<?xml version="1.0" encoding="UTF-8"?>
<!-- Generated by org.testng.reporters.JUnitXMLReporter -->
<testsuite hostname="dineshkila" ignored="0" name="Default test" tests="5" failures="0" timestamp="17 Aug 2023 10:10:52 GMT" time="154.39" errors="0">
  <testcase name="loginTest" time="15.699" classname="com.bookshop.testcases.LoginPageTest"/>
  <testcase name="loginTest" time="31.876" classname="com.bookshop.testcases.LoginPageTest"/>
  <testcase name="loginTest" time="13.611" classname="com.bookshop.testcases.LoginPageTest"/>
  <testcase name="loginTest" time="6.195" classname="com.bookshop.testcases.LoginPageTest"/>
  <testcase name="loginTest" time="16.299" classname="com.bookshop.testcases.LoginPageTest"/>
</testsuite> <!-- Default test -->
