<?xml version="1.0" encoding="UTF-8"?>
<!-- Generated by org.testng.reporters.JUnitXMLReporter -->
<testsuite hostname="dineshkila" ignored="15" name="Regression.Test" tests="1" failures="0" timestamp="17 Aug 2023 10:57:48 GMT" time="110.468" errors="0">
  <testcase name="AddToCartPageTest" time="83.038" classname="com.bookshop.testcases.AddToCartPageTest"/>
  <testcase name="ProductPageTest" time="0.0" classname="com.bookshop.testcases.ProductPageTest">
    <ignored/>
  </testcase> <!-- ProductPageTest -->
  <testcase name="verifyAddToCartMsg" time="0.0" classname="com.bookshop.testcases.AddToCartPageTest">
    <ignored/>
  </testcase> <!-- verifyAddToCartMsg -->
  <testcase name="verifyMyShopLogo" time="0.0" classname="com.bookshop.testcases.IndexPageTest">
    <ignored/>
  </testcase> <!-- verifyMyShopLogo -->
  <testcase name="@BeforeSuite beforeSuite" time="0.0" classname="com.bookshop.base.BaseClass">
    <ignored/>
  </testcase> <!-- @BeforeSuite beforeSuite -->
  <testcase name="@BeforeSuite beforeSuite" time="0.0" classname="com.bookshop.base.BaseClass">
    <ignored/>
  </testcase> <!-- @BeforeSuite beforeSuite -->
  <testcase name="@BeforeSuite beforeSuite" time="0.0" classname="com.bookshop.base.BaseClass">
    <ignored/>
  </testcase> <!-- @BeforeSuite beforeSuite -->
  <testcase name="@BeforeSuite beforeSuite" time="0.0" classname="com.bookshop.base.BaseClass">
    <ignored/>
  </testcase> <!-- @BeforeSuite beforeSuite -->
  <testcase name="loginTest" time="0.0" classname="com.bookshop.testcases.LoginPageTest">
    <ignored/>
  </testcase> <!-- loginTest -->
  <testcase name="productShopTest" time="0.0" classname="com.bookshop.testcases.HomePageTest">
    <ignored/>
  </testcase> <!-- productShopTest -->
  <testcase name="getMyTitle" time="0.0" classname="com.bookshop.testcases.IndexPageTest">
    <ignored/>
  </testcase> <!-- getMyTitle -->
  <testcase name="@BeforeTest loadConfig" time="0.0" classname="com.bookshop.base.BaseClass">
    <ignored/>
  </testcase> <!-- @BeforeTest loadConfig -->
  <testcase name="@BeforeTest loadConfig" time="0.0" classname="com.bookshop.base.BaseClass">
    <ignored/>
  </testcase> <!-- @BeforeTest loadConfig -->
  <testcase name="@BeforeTest loadConfig" time="0.0" classname="com.bookshop.base.BaseClass">
    <ignored/>
  </testcase> <!-- @BeforeTest loadConfig -->
  <testcase name="@BeforeTest loadConfig" time="0.0" classname="com.bookshop.base.BaseClass">
    <ignored/>
  </testcase> <!-- @BeforeTest loadConfig -->
  <testcase name="verifyDashboad" time="0.0" classname="com.bookshop.testcases.HomePageTest">
    <ignored/>
  </testcase> <!-- verifyDashboad -->
</testsuite> <!-- Regression.Test -->
